<?xml version="1.0" encoding="UTF-8"?>
<!-- Generated by org.testng.reporters.JUnitReportReporter -->
<testsuite skipped="0" hostname="DESKTOP-MD6G5O7" name="runner.TestRunner" tests="1" failures="0" timestamp="2020-04-13T09:55:44 IST" time="197.824" errors="0">
  <testcase name="login" time="197.824" classname="runner.TestRunner"/>
  <system-out/>
</testsuite> <!-- runner.TestRunner -->
